
2025/02/14 (12:51:16) | ===> btop++ v.1.4.0
2025/02/14 (12:51:16) | ERROR: No UTF-8 locale detected!
Use --utf-force argument to force start if you're sure your terminal can handle it.

2025/02/14 (12:51:41) | ===> btop++ v.1.4.0
2025/02/14 (12:51:41) | WARNING: No UTF-8 locale detected! Forcing start with --utf-force argument.
2025/02/14 (12:51:41) | WARNING: Intel GPU: Failed to initialize PMU

2025/02/14 (12:59:37) | ===> btop++ v.1.4.0
2025/02/14 (12:59:37) | ERROR: No UTF-8 locale detected!
Use --utf-force argument to force start if you're sure your terminal can handle it.

2025/02/14 (12:59:45) | ===> btop++ v.1.4.0
2025/02/14 (12:59:45) | WARNING: No UTF-8 locale detected! Forcing start with --utf-force argument.
2025/02/14 (12:59:45) | WARNING: Intel GPU: Failed to initialize PMU

2025/02/14 (14:51:46) | ===> btop++ v.1.4.0
2025/02/14 (14:51:46) | ERROR: No UTF-8 locale detected!
Use --utf-force argument to force start if you're sure your terminal can handle it.

2025/02/14 (15:21:28) | ===> btop++ v.1.4.0
2025/02/14 (15:21:28) | ERROR: No UTF-8 locale detected!
Use --utf-force argument to force start if you're sure your terminal can handle it.

2025/02/20 (15:23:39) | ===> btop++ v.1.4.0
2025/02/20 (15:23:39) | ERROR: No UTF-8 locale detected!
Use --utf-force argument to force start if you're sure your terminal can handle it.

2025/02/20 (15:28:46) | ===> btop++ v.1.4.0
2025/02/20 (15:28:46) | ERROR: No UTF-8 locale detected!
Use --utf-force argument to force start if you're sure your terminal can handle it.

2025/02/20 (15:29:16) | ===> btop++ v.1.4.0
2025/02/20 (15:29:16) | ERROR: No UTF-8 locale detected!
Use --utf-force argument to force start if you're sure your terminal can handle it.

2025/02/20 (15:29:18) | ===> btop++ v.1.4.0
2025/02/20 (15:29:18) | ERROR: No UTF-8 locale detected!
Use --utf-force argument to force start if you're sure your terminal can handle it.

2025/02/20 (15:29:23) | ===> btop++ v.1.4.0
2025/02/20 (15:29:23) | WARNING: No UTF-8 locale detected! Forcing start with --utf-force argument.
2025/02/20 (15:29:24) | WARNING: Intel GPU: Failed to initialize PMU

2025/03/02 (16:03:38) | ===> btop++ v.1.4.0
2025/03/02 (16:03:38) | ERROR: No UTF-8 locale detected!
Use --utf-force argument to force start if you're sure your terminal can handle it.

2025/03/03 (13:10:43) | ===> btop++ v.1.4.0
2025/03/03 (13:10:43) | ERROR: No UTF-8 locale detected!
Use --utf-force argument to force start if you're sure your terminal can handle it.

2025/03/07 (16:15:46) | ===> btop++ v.1.4.0
2025/03/07 (16:15:46) | ERROR: No UTF-8 locale detected!
Use --utf-force argument to force start if you're sure your terminal can handle it.

2025/03/07 (16:15:59) | ===> btop++ v.1.4.0
2025/03/07 (16:15:59) | ERROR: No UTF-8 locale detected!
Use --utf-force argument to force start if you're sure your terminal can handle it.

2025/03/07 (16:19:04) | ===> btop++ v.1.4.0
2025/03/07 (16:19:04) | ERROR: No UTF-8 locale detected!
Use --utf-force argument to force start if you're sure your terminal can handle it.

2025/03/07 (16:19:07) | ===> btop++ v.1.4.0
2025/03/07 (16:19:07) | ERROR: No UTF-8 locale detected!
Use --utf-force argument to force start if you're sure your terminal can handle it.

2025/03/07 (16:19:11) | ===> btop++ v.1.4.0
2025/03/07 (16:19:11) | WARNING: No UTF-8 locale detected! Forcing start with --utf-force argument.
2025/03/07 (16:19:11) | WARNING: Intel GPU: Failed to initialize PMU

2025/03/07 (16:20:53) | ===> btop++ v.1.4.0
2025/03/07 (16:20:53) | WARNING: No UTF-8 locale detected! Forcing start with --utf-force argument.
2025/03/07 (16:20:53) | WARNING: Intel GPU: Failed to initialize PMU

2025/03/07 (16:21:22) | ===> btop++ v.1.4.0
2025/03/07 (16:21:22) | ERROR: No UTF-8 locale detected!
Use --utf-force argument to force start if you're sure your terminal can handle it.

2025/03/07 (16:21:24) | ===> btop++ v.1.4.0
2025/03/07 (16:21:24) | ERROR: No UTF-8 locale detected!
Use --utf-force argument to force start if you're sure your terminal can handle it.

2025/03/07 (16:21:25) | ===> btop++ v.1.4.0
2025/03/07 (16:21:25) | ERROR: No UTF-8 locale detected!
Use --utf-force argument to force start if you're sure your terminal can handle it.

2025/03/07 (16:21:26) | ===> btop++ v.1.4.0
2025/03/07 (16:21:26) | ERROR: No UTF-8 locale detected!
Use --utf-force argument to force start if you're sure your terminal can handle it.

2025/03/07 (16:21:29) | ===> btop++ v.1.4.0
2025/03/07 (16:21:29) | ERROR: No UTF-8 locale detected!
Use --utf-force argument to force start if you're sure your terminal can handle it.

2025/03/07 (16:21:41) | ===> btop++ v.1.4.0
2025/03/07 (16:21:41) | ERROR: No UTF-8 locale detected!
Use --utf-force argument to force start if you're sure your terminal can handle it.

2025/03/07 (16:22:23) | ===> btop++ v.1.4.0
2025/03/07 (16:22:23) | ERROR: No UTF-8 locale detected!
Use --utf-force argument to force start if you're sure your terminal can handle it.

2025/03/07 (16:22:26) | ===> btop++ v.1.4.0
2025/03/07 (16:22:26) | WARNING: No UTF-8 locale detected! Forcing start with --utf-force argument.
2025/03/07 (16:22:26) | WARNING: Intel GPU: Failed to initialize PMU

2025/03/07 (16:57:30) | ===> btop++ v.1.4.0
2025/03/07 (16:57:30) | ERROR: No UTF-8 locale detected!
Use --utf-force argument to force start if you're sure your terminal can handle it.

2025/03/07 (16:57:33) | ===> btop++ v.1.4.0
2025/03/07 (16:57:33) | WARNING: No UTF-8 locale detected! Forcing start with --utf-force argument.
2025/03/07 (16:57:33) | WARNING: Intel GPU: Failed to initialize PMU
2025/03/07 (16:57:41) | ERROR: Couldn't determine terminal size of "STDOUT_FILENO"!
2025/03/07 (16:57:41) | ERROR: Couldn't determine terminal size of "/dev/tty"!

2025/03/07 (16:58:13) | ===> btop++ v.1.4.0
2025/03/07 (16:58:13) | WARNING: No UTF-8 locale detected! Forcing start with --utf-force argument.
2025/03/07 (16:58:13) | WARNING: Intel GPU: Failed to initialize PMU

2025/03/07 (16:59:57) | ===> btop++ v.1.4.0
2025/03/07 (16:59:57) | WARNING: No UTF-8 locale detected! Forcing start with --utf-force argument.
2025/03/07 (16:59:57) | WARNING: Intel GPU: Failed to initialize PMU

2025/03/12 (07:16:04) | ===> btop++ v.1.4.0
2025/03/12 (07:16:04) | WARNING: No UTF-8 locale detected! Forcing start with --utf-force argument.
2025/03/12 (07:16:04) | WARNING: Intel GPU: Failed to initialize PMU

2025/03/12 (07:16:52) | ===> btop++ v.1.4.0
2025/03/12 (07:16:52) | WARNING: No UTF-8 locale detected! Forcing start with --utf-force argument.
2025/03/12 (07:16:52) | WARNING: Intel GPU: Failed to initialize PMU

2025/03/12 (07:34:06) | ===> btop++ v.1.4.0
2025/03/12 (07:34:06) | ERROR: No UTF-8 locale detected!
Use --utf-force argument to force start if you're sure your terminal can handle it.

2025/03/12 (07:35:22) | ===> btop++ v.1.4.0
2025/03/12 (07:35:22) | WARNING: No UTF-8 locale detected! Forcing start with --utf-force argument.
2025/03/12 (07:35:22) | WARNING: Intel GPU: Failed to initialize PMU

2025/03/12 (09:02:02) | ===> btop++ v.1.4.0
2025/03/12 (09:02:02) | ERROR: No UTF-8 locale detected!
Use --utf-force argument to force start if you're sure your terminal can handle it.

2025/03/12 (09:02:03) | ===> btop++ v.1.4.0
2025/03/12 (09:02:03) | ERROR: No UTF-8 locale detected!
Use --utf-force argument to force start if you're sure your terminal can handle it.

2025/03/12 (09:02:04) | ===> btop++ v.1.4.0
2025/03/12 (09:02:04) | ERROR: No UTF-8 locale detected!
Use --utf-force argument to force start if you're sure your terminal can handle it.

2025/03/12 (09:02:33) | ===> btop++ v.1.4.0
2025/03/12 (09:02:33) | ERROR: No UTF-8 locale detected!
Use --utf-force argument to force start if you're sure your terminal can handle it.

2025/03/12 (09:02:39) | ===> btop++ v.1.4.0
2025/03/12 (09:02:39) | WARNING: No UTF-8 locale detected! Forcing start with --utf-force argument.
2025/03/12 (09:02:39) | WARNING: Intel GPU: Failed to initialize PMU

2025/03/12 (19:20:02) | ===> btop++ v.1.4.0
2025/03/12 (19:20:02) | ERROR: No UTF-8 locale detected!
Use --utf-force argument to force start if you're sure your terminal can handle it.

2025/03/12 (19:20:03) | ===> btop++ v.1.4.0
2025/03/12 (19:20:03) | ERROR: No UTF-8 locale detected!
Use --utf-force argument to force start if you're sure your terminal can handle it.

2025/03/12 (19:20:09) | ===> btop++ v.1.4.0
2025/03/12 (19:20:09) | WARNING: No UTF-8 locale detected! Forcing start with --utf-force argument.
2025/03/12 (19:20:10) | WARNING: Intel GPU: Failed to initialize PMU
